2014/10/16 11:58:21 Starting cygwin install, version 2.850
2014/10/16 11:58:21 User has backup/restore rights
2014/10/16 11:58:21 io_stream_cygfile: fopen(/etc/setup/setup.rc) failed 2 No such file or directory
2014/10/16 11:58:21 Current Directory: C:\TMP\Cygwin
2014/10/16 11:58:21 Could not open service McShield for query, start and stop. McAfee may not be installed, or we don't have access.
2014/10/16 11:58:26 source: download
2014/10/16 11:58:27 Selected local directory: C:\TMP\Cygwin
2014/10/16 11:58:28 net: Direct
2014/10/16 11:58:48 site: http://mirrors.kernel.org/sourceware/cygwin/
2014/10/16 11:58:51 io_stream_cygfile: fopen(/etc/setup/installed.db) failed 2 No such file or directory
2014/10/16 11:58:51 io_stream_cygfile: fopen(/etc/setup/timestamp) failed 2 No such file or directory
2014/10/16 11:58:55 Adding required dependency bzip2: Selecting version 1.0.6-2 for installation.
2014/10/16 11:58:55 Adding required dependency ca-certificates: Selecting version 1.97-2 for installation.
2014/10/16 11:58:55 Adding required dependency groff: Selecting version 1.22.2-2 for installation.
2014/10/16 11:58:55 Adding required dependency less: Selecting version 458-1 for installation.
2014/10/16 11:58:55 Adding required dependency libargp: Selecting version 20110921-2 for installation.
2014/10/16 11:58:55 Adding required dependency libattr1: Selecting version 2.4.46-1 for installation.
2014/10/16 11:58:55 Adding required dependency libblkid1: Selecting version 2.24.2-1 for installation.
2014/10/16 11:58:55 Adding required dependency libbz2_1: Selecting version 1.0.6-2 for installation.
2014/10/16 11:58:55 Adding required dependency libcrypt0: Selecting version 1.1-1 for installation.
2014/10/16 11:58:55 Adding required dependency libdb5.3: Selecting version 5.3.21-1 for installation.
2014/10/16 11:58:55 Adding required dependency libffi6: Selecting version 3.0.13-1 for installation.
2014/10/16 11:58:55 Adding required dependency libgcc1: Selecting version 4.8.3-3 for installation.
2014/10/16 11:58:55 Adding required dependency libgdbm4: Selecting version 1.11-1 for installation.
2014/10/16 11:58:55 Adding required dependency libgmp10: Selecting version 6.0.0a-1 for installation.
2014/10/16 11:58:55 Adding required dependency libiconv: Selecting version 1.14-1 for installation.
2014/10/16 11:58:55 Adding required dependency libiconv2: Selecting version 1.14-1 for installation.
2014/10/16 11:58:55 Adding required dependency libintl8: Selecting version 0.18.3.2-2 for installation.
2014/10/16 11:58:55 Adding required dependency liblzma5: Selecting version 5.0.5-1 for installation.
2014/10/16 11:58:55 Adding required dependency libmpfr4: Selecting version 3.1.2-1 for installation.
2014/10/16 11:58:55 Adding required dependency libncursesw10: Selecting version 5.9-20140524-1 for installation.
2014/10/16 11:58:55 Adding required dependency libopenssl100: Selecting version 1.0.1i-1 for installation.
2014/10/16 11:58:55 Adding required dependency libp11-kit0: Selecting version 0.20.4-1 for installation.
2014/10/16 11:58:55 Adding required dependency libpcre1: Selecting version 8.35-1 for installation.
2014/10/16 11:58:55 Adding required dependency libpipeline1: Selecting version 1.3.0-3 for installation.
2014/10/16 11:58:55 Adding required dependency libpopt0: Selecting version 1.16-1 for installation.
2014/10/16 11:58:55 Adding required dependency libreadline7: Selecting version 6.2-1 for installation.
2014/10/16 11:58:55 Adding required dependency libssp0: Selecting version 4.8.3-3 for installation.
2014/10/16 11:58:55 Adding required dependency libstdc++6: Selecting version 4.8.3-3 for installation.
2014/10/16 11:58:55 Adding required dependency libtasn1_6: Selecting version 3.3-1 for installation.
2014/10/16 11:58:55 Adding required dependency libuuid1: Selecting version 2.24.2-1 for installation.
2014/10/16 11:58:55 Adding required dependency lynx: Selecting version 2.8.7-2 for installation.
2014/10/16 11:58:55 Adding required dependency p11-kit: Selecting version 0.20.4-1 for installation.
2014/10/16 11:58:55 Adding required dependency p11-kit-trust: Selecting version 0.20.4-1 for installation.
2014/10/16 11:58:55 Adding required dependency perl: Selecting version 5.14.4-1 for installation.
2014/10/16 11:58:55 Adding required dependency popt: Selecting version 1.16-1 for installation.
2014/10/16 11:58:55 Adding required dependency texinfo: Selecting version 5.2-2 for installation.
2014/10/16 11:58:55 Adding required dependency xz: Selecting version 5.0.5-1 for installation.
2014/10/16 11:58:55 Adding required dependency _autorebase: Selecting version 000245-1 for installation.
2014/10/16 11:58:55 Adding required dependency _update-info-dir: Selecting version 00333-1 for installation.
2014/10/16 11:58:56 Downloaded C:\TMP\Cygwin/http%3a%2f%2fmirrors.kernel.org%2fsourceware%2fcygwin%2f/x86_64/release/_autorebase/_autorebase-000245-1.tar.bz2
2014/10/16 11:58:56 Downloaded C:\TMP\Cygwin/http%3a%2f%2fmirrors.kernel.org%2fsourceware%2fcygwin%2f/x86_64/release/_update-info-dir/_update-info-dir-00333-1.tar.bz2
2014/10/16 11:58:57 Downloaded C:\TMP\Cygwin/http%3a%2f%2fmirrors.kernel.org%2fsourceware%2fcygwin%2f/x86_64/release/alternatives/alternatives-1.3.30c-10.tar.bz2
2014/10/16 11:58:57 Downloaded C:\TMP\Cygwin/http%3a%2f%2fmirrors.kernel.org%2fsourceware%2fcygwin%2f/x86_64/release/base-cygwin/base-cygwin-3.3-1.tar.bz2
2014/10/16 11:58:58 Downloaded C:\TMP\Cygwin/http%3a%2f%2fmirrors.kernel.org%2fsourceware%2fcygwin%2f/x86_64/release/base-files/base-files-4.2-3.tar.xz
2014/10/16 11:59:00 Downloaded C:\TMP\Cygwin/http%3a%2f%2fmirrors.kernel.org%2fsourceware%2fcygwin%2f/x86_64/release/bash/bash-4.1.17-9.tar.xz
2014/10/16 11:59:01 Downloaded C:\TMP\Cygwin/http%3a%2f%2fmirrors.kernel.org%2fsourceware%2fcygwin%2f/x86_64/release/bzip2/bzip2-1.0.6-2.tar.bz2
2014/10/16 11:59:02 Downloaded C:\TMP\Cygwin/http%3a%2f%2fmirrors.kernel.org%2fsourceware%2fcygwin%2f/x86_64/release/ca-certificates/ca-certificates-1.97-2.tar.xz
2014/10/16 11:59:05 Downloaded C:\TMP\Cygwin/http%3a%2f%2fmirrors.kernel.org%2fsourceware%2fcygwin%2f/x86_64/release/coreutils/coreutils-8.23-4.tar.xz
2014/10/16 11:59:05 Downloaded C:\TMP\Cygwin/http%3a%2f%2fmirrors.kernel.org%2fsourceware%2fcygwin%2f/x86_64/release/cygutils/cygutils-1.4.14-1.tar.bz2
2014/10/16 11:59:08 Downloaded C:\TMP\Cygwin/http%3a%2f%2fmirrors.kernel.org%2fsourceware%2fcygwin%2f/x86_64/release/cygwin/cygwin-1.7.32-1.tar.xz
2014/10/16 11:59:08 Downloaded C:\TMP\Cygwin/http%3a%2f%2fmirrors.kernel.org%2fsourceware%2fcygwin%2f/x86_64/release/dash/dash-0.5.8-2.tar.xz
2014/10/16 11:59:09 Downloaded C:\TMP\Cygwin/http%3a%2f%2fmirrors.kernel.org%2fsourceware%2fcygwin%2f/x86_64/release/editrights/editrights-1.02-1.tar.bz2
2014/10/16 11:59:11 Downloaded C:\TMP\Cygwin/http%3a%2f%2fmirrors.kernel.org%2fsourceware%2fcygwin%2f/x86_64/release/file/file-5.19-1.tar.xz
2014/10/16 11:59:12 Downloaded C:\TMP\Cygwin/http%3a%2f%2fmirrors.kernel.org%2fsourceware%2fcygwin%2f/x86_64/release/findutils/findutils-4.5.12-1.tar.xz
2014/10/16 11:59:14 Downloaded C:\TMP\Cygwin/http%3a%2f%2fmirrors.kernel.org%2fsourceware%2fcygwin%2f/x86_64/release/gawk/gawk-4.1.1-1.tar.xz
2014/10/16 11:59:15 Downloaded C:\TMP\Cygwin/http%3a%2f%2fmirrors.kernel.org%2fsourceware%2fcygwin%2f/x86_64/release/getent/getent-2.18.90-2.tar.xz
2014/10/16 11:59:16 Downloaded C:\TMP\Cygwin/http%3a%2f%2fmirrors.kernel.org%2fsourceware%2fcygwin%2f/x86_64/release/grep/grep-2.20-1.tar.xz
2014/10/16 11:59:19 Downloaded C:\TMP\Cygwin/http%3a%2f%2fmirrors.kernel.org%2fsourceware%2fcygwin%2f/x86_64/release/groff/groff-1.22.2-2.tar.xz
2014/10/16 11:59:20 Downloaded C:\TMP\Cygwin/http%3a%2f%2fmirrors.kernel.org%2fsourceware%2fcygwin%2f/x86_64/release/gzip/gzip-1.6-1.tar.xz
2014/10/16 11:59:20 Downloaded C:\TMP\Cygwin/http%3a%2f%2fmirrors.kernel.org%2fsourceware%2fcygwin%2f/x86_64/release/hostname/hostname-3.13-1.tar.bz2
2014/10/16 11:59:20 Downloaded C:\TMP\Cygwin/http%3a%2f%2fmirrors.kernel.org%2fsourceware%2fcygwin%2f/x86_64/release/ipc-utils/ipc-utils-1.0-2.tar.bz2
2014/10/16 11:59:22 Downloaded C:\TMP\Cygwin/http%3a%2f%2fmirrors.kernel.org%2fsourceware%2fcygwin%2f/x86_64/release/less/less-458-1.tar.bz2
2014/10/16 11:59:22 Downloaded C:\TMP\Cygwin/http%3a%2f%2fmirrors.kernel.org%2fsourceware%2fcygwin%2f/x86_64/release/libargp/libargp-20110921-2.tar.bz2
2014/10/16 11:59:23 Downloaded C:\TMP\Cygwin/http%3a%2f%2fmirrors.kernel.org%2fsourceware%2fcygwin%2f/x86_64/release/attr/libattr1/libattr1-2.4.46-1.tar.bz2
2014/10/16 11:59:24 Downloaded C:\TMP\Cygwin/http%3a%2f%2fmirrors.kernel.org%2fsourceware%2fcygwin%2f/x86_64/release/util-linux/libblkid1/libblkid1-2.24.2-1.tar.xz
2014/10/16 11:59:24 Downloaded C:\TMP\Cygwin/http%3a%2f%2fmirrors.kernel.org%2fsourceware%2fcygwin%2f/x86_64/release/bzip2/libbz2_1/libbz2_1-1.0.6-2.tar.bz2
2014/10/16 11:59:25 Downloaded C:\TMP\Cygwin/http%3a%2f%2fmirrors.kernel.org%2fsourceware%2fcygwin%2f/x86_64/release/crypt/libcrypt0/libcrypt0-1.1-1.tar.bz2
2014/10/16 11:59:27 Downloaded C:\TMP\Cygwin/http%3a%2f%2fmirrors.kernel.org%2fsourceware%2fcygwin%2f/x86_64/release/db/libdb5.3/libdb5.3-5.3.21-1.tar.bz2
2014/10/16 11:59:27 Downloaded C:\TMP\Cygwin/http%3a%2f%2fmirrors.kernel.org%2fsourceware%2fcygwin%2f/x86_64/release/libffi/libffi6/libffi6-3.0.13-1.tar.bz2
2014/10/16 11:59:28 Downloaded C:\TMP\Cygwin/http%3a%2f%2fmirrors.kernel.org%2fsourceware%2fcygwin%2f/x86_64/release/gcc/libgcc1/libgcc1-4.8.3-3.tar.xz
2014/10/16 11:59:29 Downloaded C:\TMP\Cygwin/http%3a%2f%2fmirrors.kernel.org%2fsourceware%2fcygwin%2f/x86_64/release/gdbm/libgdbm4/libgdbm4-1.11-1.tar.xz
2014/10/16 11:59:30 Downloaded C:\TMP\Cygwin/http%3a%2f%2fmirrors.kernel.org%2fsourceware%2fcygwin%2f/x86_64/release/gmp/libgmp10/libgmp10-6.0.0a-1.tar.xz
2014/10/16 11:59:31 Downloaded C:\TMP\Cygwin/http%3a%2f%2fmirrors.kernel.org%2fsourceware%2fcygwin%2f/x86_64/release/libiconv/libiconv-1.14-1.tar.bz2
2014/10/16 11:59:33 Downloaded C:\TMP\Cygwin/http%3a%2f%2fmirrors.kernel.org%2fsourceware%2fcygwin%2f/x86_64/release/libiconv/libiconv2/libiconv2-1.14-1.tar.bz2
2014/10/16 11:59:33 Downloaded C:\TMP\Cygwin/http%3a%2f%2fmirrors.kernel.org%2fsourceware%2fcygwin%2f/x86_64/release/gettext/libintl8/libintl8-0.18.3.2-2.tar.xz
2014/10/16 11:59:34 Downloaded C:\TMP\Cygwin/http%3a%2f%2fmirrors.kernel.org%2fsourceware%2fcygwin%2f/x86_64/release/xz/liblzma5/liblzma5-5.0.5-1.tar.xz
2014/10/16 11:59:35 Downloaded C:\TMP\Cygwin/http%3a%2f%2fmirrors.kernel.org%2fsourceware%2fcygwin%2f/x86_64/release/mpfr/libmpfr4/libmpfr4-3.1.2-1.tar.bz2
2014/10/16 11:59:36 Downloaded C:\TMP\Cygwin/http%3a%2f%2fmirrors.kernel.org%2fsourceware%2fcygwin%2f/x86_64/release/ncurses/libncursesw10/libncursesw10-5.9-20140524-1.tar.xz
2014/10/16 11:59:38 Downloaded C:\TMP\Cygwin/http%3a%2f%2fmirrors.kernel.org%2fsourceware%2fcygwin%2f/x86_64/release/openssl/libopenssl100/libopenssl100-1.0.1i-1.tar.xz
2014/10/16 11:59:39 Downloaded C:\TMP\Cygwin/http%3a%2f%2fmirrors.kernel.org%2fsourceware%2fcygwin%2f/x86_64/release/p11-kit/libp11-kit0/libp11-kit0-0.20.4-1.tar.xz
2014/10/16 11:59:40 Downloaded C:\TMP\Cygwin/http%3a%2f%2fmirrors.kernel.org%2fsourceware%2fcygwin%2f/x86_64/release/pcre/libpcre1/libpcre1-8.35-1.tar.xz
2014/10/16 11:59:41 Downloaded C:\TMP\Cygwin/http%3a%2f%2fmirrors.kernel.org%2fsourceware%2fcygwin%2f/x86_64/release/libpipeline/libpipeline1/libpipeline1-1.3.0-3.tar.xz
2014/10/16 11:59:41 Downloaded C:\TMP\Cygwin/http%3a%2f%2fmirrors.kernel.org%2fsourceware%2fcygwin%2f/x86_64/release/popt/libpopt0/libpopt0-1.16-1.tar.xz
2014/10/16 11:59:42 Downloaded C:\TMP\Cygwin/http%3a%2f%2fmirrors.kernel.org%2fsourceware%2fcygwin%2f/x86_64/release/readline/libreadline7/libreadline7-6.2-1.tar.bz2
2014/10/16 11:59:42 Downloaded C:\TMP\Cygwin/http%3a%2f%2fmirrors.kernel.org%2fsourceware%2fcygwin%2f/x86_64/release/gcc/libssp0/libssp0-4.8.3-3.tar.xz
2014/10/16 11:59:44 Downloaded C:\TMP\Cygwin/http%3a%2f%2fmirrors.kernel.org%2fsourceware%2fcygwin%2f/x86_64/release/gcc/libstdc++6/libstdc++6-4.8.3-3.tar.xz
2014/10/16 11:59:44 Downloaded C:\TMP\Cygwin/http%3a%2f%2fmirrors.kernel.org%2fsourceware%2fcygwin%2f/x86_64/release/libtasn1/libtasn1_6/libtasn1_6-3.3-1.tar.bz2
2014/10/16 11:59:45 Downloaded C:\TMP\Cygwin/http%3a%2f%2fmirrors.kernel.org%2fsourceware%2fcygwin%2f/x86_64/release/util-linux/libuuid1/libuuid1-2.24.2-1.tar.xz
2014/10/16 11:59:45 Downloaded C:\TMP\Cygwin/http%3a%2f%2fmirrors.kernel.org%2fsourceware%2fcygwin%2f/x86_64/release/login/login-1.11-1.tar.xz
2014/10/16 11:59:48 Downloaded C:\TMP\Cygwin/http%3a%2f%2fmirrors.kernel.org%2fsourceware%2fcygwin%2f/x86_64/release/lynx/lynx-2.8.7-2.tar.bz2
2014/10/16 11:59:49 Downloaded C:\TMP\Cygwin/http%3a%2f%2fmirrors.kernel.org%2fsourceware%2fcygwin%2f/x86_64/release/man-db/man-db-2.6.7-2.tar.xz
2014/10/16 11:59:50 Downloaded C:\TMP\Cygwin/http%3a%2f%2fmirrors.kernel.org%2fsourceware%2fcygwin%2f/x86_64/release/mintty/mintty-1.2-beta1-1.tar.bz2
2014/10/16 11:59:51 Downloaded C:\TMP\Cygwin/http%3a%2f%2fmirrors.kernel.org%2fsourceware%2fcygwin%2f/x86_64/release/p11-kit/p11-kit-0.20.4-1.tar.xz
2014/10/16 11:59:52 Downloaded C:\TMP\Cygwin/http%3a%2f%2fmirrors.kernel.org%2fsourceware%2fcygwin%2f/x86_64/release/p11-kit/p11-kit-trust/p11-kit-trust-0.20.4-1.tar.xz
2014/10/16 11:59:58 Downloaded C:\TMP\Cygwin/http%3a%2f%2fmirrors.kernel.org%2fsourceware%2fcygwin%2f/x86_64/release/perl/perl-5.14.4-1.tar.bz2
2014/10/16 11:59:59 Downloaded C:\TMP\Cygwin/http%3a%2f%2fmirrors.kernel.org%2fsourceware%2fcygwin%2f/x86_64/release/popt/popt-1.16-1.tar.xz
2014/10/16 12:00:00 Downloaded C:\TMP\Cygwin/http%3a%2f%2fmirrors.kernel.org%2fsourceware%2fcygwin%2f/x86_64/release/rebase/rebase-4.4.1-1.tar.bz2
2014/10/16 12:00:01 Downloaded C:\TMP\Cygwin/http%3a%2f%2fmirrors.kernel.org%2fsourceware%2fcygwin%2f/x86_64/release/run/run-1.3.3-1.tar.xz
2014/10/16 12:00:02 Downloaded C:\TMP\Cygwin/http%3a%2f%2fmirrors.kernel.org%2fsourceware%2fcygwin%2f/x86_64/release/sed/sed-4.2.2-3.tar.bz2
2014/10/16 12:00:04 Downloaded C:\TMP\Cygwin/http%3a%2f%2fmirrors.kernel.org%2fsourceware%2fcygwin%2f/x86_64/release/tar/tar-1.27.1-1.tar.xz
2014/10/16 12:00:04 Downloaded C:\TMP\Cygwin/http%3a%2f%2fmirrors.kernel.org%2fsourceware%2fcygwin%2f/x86_64/release/ncurses/terminfo/terminfo-5.9-20140524-1.tar.xz
2014/10/16 12:00:07 Downloaded C:\TMP\Cygwin/http%3a%2f%2fmirrors.kernel.org%2fsourceware%2fcygwin%2f/x86_64/release/texinfo/texinfo-5.2-2.tar.xz
2014/10/16 12:00:08 Downloaded C:\TMP\Cygwin/http%3a%2f%2fmirrors.kernel.org%2fsourceware%2fcygwin%2f/x86_64/release/tzcode/tzcode-2013c-1.tar.bz2
2014/10/16 12:00:10 Downloaded C:\TMP\Cygwin/http%3a%2f%2fmirrors.kernel.org%2fsourceware%2fcygwin%2f/x86_64/release/util-linux/util-linux-2.24.2-1.tar.xz
2014/10/16 12:00:12 Downloaded C:\TMP\Cygwin/http%3a%2f%2fmirrors.kernel.org%2fsourceware%2fcygwin%2f/x86_64/release/vim/vim-minimal/vim-minimal-7.4.417-1.tar.xz
2014/10/16 12:00:12 Downloaded C:\TMP\Cygwin/http%3a%2f%2fmirrors.kernel.org%2fsourceware%2fcygwin%2f/x86_64/release/which/which-2.20-2.tar.bz2
2014/10/16 12:00:13 Downloaded C:\TMP\Cygwin/http%3a%2f%2fmirrors.kernel.org%2fsourceware%2fcygwin%2f/x86_64/release/windows-default-manifest/windows-default-manifest-6.3-1.tar.xz
2014/10/16 12:00:14 Downloaded C:\TMP\Cygwin/http%3a%2f%2fmirrors.kernel.org%2fsourceware%2fcygwin%2f/x86_64/release/xz/xz-5.0.5-1.tar.xz
2014/10/16 12:00:15 Downloaded C:\TMP\Cygwin/http%3a%2f%2fmirrors.kernel.org%2fsourceware%2fcygwin%2f/x86_64/release/zlib/zlib0/zlib0-1.2.8-1.tar.bz2
2014/10/16 12:07:43 note: Download Complete
2014/10/16 12:07:43 Ending cygwin install
2014/10/16 12:10:14 Starting cygwin install, version 2.850
2014/10/16 12:10:14 User has backup/restore rights
2014/10/16 12:10:14 Current Directory: C:\TMP\Cygwin
2014/10/16 12:10:14 Could not open service McShield for query, start and stop. McAfee may not be installed, or we don't have access.
2014/10/16 12:10:20 source: download
2014/10/16 12:10:21 Selected local directory: C:\TMP\Cygwin
2014/10/16 12:10:22 net: Direct
2014/10/16 12:10:23 site: http://mirrors.kernel.org/sourceware/cygwin/
2014/10/16 12:10:58 Adding required dependency binutils: Selecting version 2.24.51-5 for installation.
2014/10/16 12:10:58 Adding required dependency gcc-core: Selecting version 4.8.3-3 for installation.
2014/10/16 12:10:58 Adding required dependency libatomic1: Selecting version 4.8.3-3 for installation.
2014/10/16 12:10:58 Adding required dependency libcloog-isl4: Selecting version 0.18.0-2 for installation.
2014/10/16 12:10:58 Adding required dependency libexpat1: Selecting version 2.1.0-3 for installation.
2014/10/16 12:10:58 Adding required dependency libgomp1: Selecting version 4.8.3-3 for installation.
2014/10/16 12:10:58 Adding required dependency libisl10: Selecting version 0.11.1-2 for installation.
2014/10/16 12:10:58 Adding required dependency libmpc3: Selecting version 1.0.2-1 for installation.
2014/10/16 12:10:58 Adding required dependency libquadmath0: Selecting version 4.8.3-3 for installation.
2014/10/16 12:10:58 Adding required dependency libsqlite3_0: Selecting version 3.8.6-1 for installation.
2014/10/16 12:10:58 Adding required dependency libuuid-devel: Selecting version 2.24.2-1 for installation.
2014/10/16 12:10:58 Adding required dependency python: Selecting version 2.7.8-1 for installation.
2014/10/16 12:10:58 Adding required dependency w32api-headers: Selecting version 3.2.0-1 for installation.
2014/10/16 12:10:58 Adding required dependency w32api-runtime: Selecting version 3.2.0-1 for installation.
2014/10/16 12:11:01 Downloaded C:\TMP\Cygwin/http%3a%2f%2fmirrors.kernel.org%2fsourceware%2fcygwin%2f/x86_64/release/binutils/binutils-2.24.51-5.tar.xz
2014/10/16 12:11:06 Downloaded C:\TMP\Cygwin/http%3a%2f%2fmirrors.kernel.org%2fsourceware%2fcygwin%2f/x86_64/release/gcc/gcc-core/gcc-core-4.8.3-3.tar.xz
2014/10/16 12:11:10 Downloaded C:\TMP\Cygwin/http%3a%2f%2fmirrors.kernel.org%2fsourceware%2fcygwin%2f/x86_64/release/gcc/gcc-g++/gcc-g++-4.8.3-3.tar.xz
2014/10/16 12:11:12 Downloaded C:\TMP\Cygwin/http%3a%2f%2fmirrors.kernel.org%2fsourceware%2fcygwin%2f/x86_64/release/gdb/gdb-7.8-2.tar.xz
2014/10/16 12:11:12 Downloaded C:\TMP\Cygwin/http%3a%2f%2fmirrors.kernel.org%2fsourceware%2fcygwin%2f/x86_64/release/gcc/libatomic1/libatomic1-4.8.3-3.tar.xz
2014/10/16 12:11:13 Downloaded C:\TMP\Cygwin/http%3a%2f%2fmirrors.kernel.org%2fsourceware%2fcygwin%2f/x86_64/release/cloog-isl/libcloog-isl4/libcloog-isl4-0.18.0-2.tar.bz2
2014/10/16 12:11:14 Downloaded C:\TMP\Cygwin/http%3a%2f%2fmirrors.kernel.org%2fsourceware%2fcygwin%2f/x86_64/release/expat/libexpat1/libexpat1-2.1.0-3.tar.bz2
2014/10/16 12:11:15 Downloaded C:\TMP\Cygwin/http%3a%2f%2fmirrors.kernel.org%2fsourceware%2fcygwin%2f/x86_64/release/gcc/libgomp1/libgomp1-4.8.3-3.tar.xz
2014/10/16 12:11:16 Downloaded C:\TMP\Cygwin/http%3a%2f%2fmirrors.kernel.org%2fsourceware%2fcygwin%2f/x86_64/release/isl/libisl10/libisl10-0.11.1-2.tar.bz2
2014/10/16 12:11:17 Downloaded C:\TMP\Cygwin/http%3a%2f%2fmirrors.kernel.org%2fsourceware%2fcygwin%2f/x86_64/release/mpclib/libmpc3/libmpc3-1.0.2-1.tar.xz
2014/10/16 12:11:18 Downloaded C:\TMP\Cygwin/http%3a%2f%2fmirrors.kernel.org%2fsourceware%2fcygwin%2f/x86_64/release/gcc/libquadmath0/libquadmath0-4.8.3-3.tar.xz
2014/10/16 12:11:19 Downloaded C:\TMP\Cygwin/http%3a%2f%2fmirrors.kernel.org%2fsourceware%2fcygwin%2f/x86_64/release/sqlite3/libsqlite3_0/libsqlite3_0-3.8.6-1.tar.xz
2014/10/16 12:11:20 Downloaded C:\TMP\Cygwin/http%3a%2f%2fmirrors.kernel.org%2fsourceware%2fcygwin%2f/x86_64/release/util-linux/libuuid-devel/libuuid-devel-2.24.2-1.tar.xz
2014/10/16 12:11:23 Downloaded C:\TMP\Cygwin/http%3a%2f%2fmirrors.kernel.org%2fsourceware%2fcygwin%2f/x86_64/release/python/python-2.7.8-1.tar.xz
2014/10/16 12:11:26 Downloaded C:\TMP\Cygwin/http%3a%2f%2fmirrors.kernel.org%2fsourceware%2fcygwin%2f/x86_64/release/w32api-headers/w32api-headers-3.2.0-1.tar.xz
2014/10/16 12:11:28 Downloaded C:\TMP\Cygwin/http%3a%2f%2fmirrors.kernel.org%2fsourceware%2fcygwin%2f/x86_64/release/w32api-runtime/w32api-runtime-3.2.0-1.tar.xz
2014/10/16 12:11:29 note: Download Complete
2014/10/16 12:11:29 Ending cygwin install
2014/10/16 12:13:13 Starting cygwin install, version 2.850
2014/10/16 12:13:13 User has backup/restore rights
2014/10/16 12:13:13 Current Directory: C:\TMP\Cygwin
2014/10/16 12:13:13 Could not open service McShield for query, start and stop. McAfee may not be installed, or we don't have access.
2014/10/16 12:13:18 source: download
2014/10/16 12:13:19 Selected local directory: C:\TMP\Cygwin
2014/10/16 12:13:20 net: Direct
2014/10/16 12:13:21 site: http://mirrors.kernel.org/sourceware/cygwin/
2014/10/16 12:13:50 Adding required dependency desktop-file-utils: Selecting version 0.21-1 for installation.
2014/10/16 12:13:50 Adding required dependency gamin: Selecting version 0.1.10-15 for installation.
2014/10/16 12:13:50 Adding required dependency gsettings-desktop-schemas: Selecting version 3.10.1-1 for installation.
2014/10/16 12:13:50 Adding required dependency libarchive13: Selecting version 3.1.2-2 for installation.
2014/10/16 12:13:50 Adding required dependency libaudio2: Selecting version 1.9.3-1 for installation.
2014/10/16 12:13:50 Adding required dependency libcom_err2: Selecting version 1.42.10-1 for installation.
2014/10/16 12:13:50 Adding required dependency libcurl4: Selecting version 7.38.0-1 for installation.
2014/10/16 12:13:50 Adding required dependency libfam0: Selecting version 0.1.10-15 for installation.
2014/10/16 12:13:50 Adding required dependency libfontconfig1: Selecting version 2.11.1-1 for installation.
2014/10/16 12:13:50 Adding required dependency libfreetype6: Selecting version 2.5.3-1 for installation.
2014/10/16 12:13:50 Adding required dependency libglib2.0_0: Selecting version 2.38.2-4 for installation.
2014/10/16 12:13:50 Adding required dependency libgssapi_krb5_2: Selecting version 1.12.2-1 for installation.
2014/10/16 12:13:50 Adding required dependency libICE6: Selecting version 1.0.9-1 for installation.
2014/10/16 12:13:50 Adding required dependency libidn11: Selecting version 1.26-1 for installation.
2014/10/16 12:13:50 Adding required dependency libjbig2: Selecting version 2.0-14 for installation.
2014/10/16 12:13:50 Adding required dependency libjpeg8: Selecting version 1.3.1-1 for installation.
2014/10/16 12:13:50 Adding required dependency libk5crypto3: Selecting version 1.12.2-1 for installation.
2014/10/16 12:13:50 Adding required dependency libkrb5support0: Selecting version 1.12.2-1 for installation.
2014/10/16 12:13:50 Adding required dependency libkrb5_3: Selecting version 1.12.2-1 for installation.
2014/10/16 12:13:50 Adding required dependency liblcms1: Selecting version 1.19-1 for installation.
2014/10/16 12:13:50 Adding required dependency liblzo2_2: Selecting version 2.06-1 for installation.
2014/10/16 12:13:50 Adding required dependency libmng1: Selecting version 1.0.10-1 for installation.
2014/10/16 12:13:50 Adding required dependency libnettle4: Selecting version 2.7-1 for installation.
2014/10/16 12:13:50 Adding required dependency libopenldap2_4_2: Selecting version 2.4.35-1 for installation.
2014/10/16 12:13:50 Adding required dependency libpng15: Selecting version 1.5.18-1 for installation.
2014/10/16 12:13:50 Adding required dependency libQtCore4: Selecting version 4.8.6-2 for installation.
2014/10/16 12:13:50 Adding required dependency libQtGui4: Selecting version 4.8.6-2 for installation.
2014/10/16 12:13:50 Adding required dependency libsasl2_3: Selecting version 2.1.26-8 for installation.
2014/10/16 12:13:50 Adding required dependency libSM6: Selecting version 1.2.2-1 for installation.
2014/10/16 12:13:50 Adding required dependency libssh2_1: Selecting version 1.4.2-1 for installation.
2014/10/16 12:13:50 Adding required dependency libtiff6: Selecting version 4.0.3-2 for installation.
2014/10/16 12:13:50 Adding required dependency libX11_6: Selecting version 1.6.2-1 for installation.
2014/10/16 12:13:50 Adding required dependency libXau6: Selecting version 1.0.8-1 for installation.
2014/10/16 12:13:50 Adding required dependency libxcb1: Selecting version 1.10-1 for installation.
2014/10/16 12:13:50 Adding required dependency libXcursor1: Selecting version 1.1.14-1 for installation.
2014/10/16 12:13:50 Adding required dependency libXdmcp6: Selecting version 1.1.1-1 for installation.
2014/10/16 12:13:50 Adding required dependency libXext6: Selecting version 1.3.3-1 for installation.
2014/10/16 12:13:50 Adding required dependency libXfixes3: Selecting version 5.0.1-1 for installation.
2014/10/16 12:13:50 Adding required dependency libXi6: Selecting version 1.7.4-1 for installation.
2014/10/16 12:13:50 Adding required dependency libXinerama1: Selecting version 1.1.3-1 for installation.
2014/10/16 12:13:50 Adding required dependency libxml2: Selecting version 2.9.1-1 for installation.
2014/10/16 12:13:50 Adding required dependency libXrandr2: Selecting version 1.4.2-1 for installation.
2014/10/16 12:13:50 Adding required dependency libXrender1: Selecting version 0.9.8-1 for installation.
2014/10/16 12:13:50 Adding required dependency libXt6: Selecting version 1.1.4-2 for installation.
2014/10/16 12:13:50 Adding required dependency shared-mime-info: Selecting version 1.3-3 for installation.
2014/10/16 12:13:54 Downloaded C:\TMP\Cygwin/http%3a%2f%2fmirrors.kernel.org%2fsourceware%2fcygwin%2f/x86_64/release/cmake/cmake-2.8.11.2-1.tar.bz2
2014/10/16 12:13:56 Downloaded C:\TMP\Cygwin/http%3a%2f%2fmirrors.kernel.org%2fsourceware%2fcygwin%2f/x86_64/release/cmake/cmake-gui/cmake-gui-2.8.11.2-1.tar.bz2
2014/10/16 12:13:56 Downloaded C:\TMP\Cygwin/http%3a%2f%2fmirrors.kernel.org%2fsourceware%2fcygwin%2f/x86_64/release/desktop-file-utils/desktop-file-utils-0.21-1.tar.bz2
2014/10/16 12:13:57 Downloaded C:\TMP\Cygwin/http%3a%2f%2fmirrors.kernel.org%2fsourceware%2fcygwin%2f/x86_64/release/gamin/gamin-0.1.10-15.tar.xz
2014/10/16 12:13:59 Downloaded C:\TMP\Cygwin/http%3a%2f%2fmirrors.kernel.org%2fsourceware%2fcygwin%2f/x86_64/release/gsettings-desktop-schemas/gsettings-desktop-schemas-3.10.1-1.tar.xz
2014/10/16 12:14:00 Downloaded C:\TMP\Cygwin/http%3a%2f%2fmirrors.kernel.org%2fsourceware%2fcygwin%2f/x86_64/release/libICE/libICE6/libICE6-1.0.9-1.tar.xz
2014/10/16 12:14:02 Downloaded C:\TMP\Cygwin/http%3a%2f%2fmirrors.kernel.org%2fsourceware%2fcygwin%2f/x86_64/release/qt4/libQtCore4/libQtCore4-4.8.6-2.tar.xz
2014/10/16 12:14:05 Downloaded C:\TMP\Cygwin/http%3a%2f%2fmirrors.kernel.org%2fsourceware%2fcygwin%2f/x86_64/release/qt4/libQtGui4/libQtGui4-4.8.6-2.tar.xz
2014/10/16 12:14:06 Downloaded C:\TMP\Cygwin/http%3a%2f%2fmirrors.kernel.org%2fsourceware%2fcygwin%2f/x86_64/release/libSM/libSM6/libSM6-1.2.2-1.tar.xz
2014/10/16 12:14:09 Downloaded C:\TMP\Cygwin/http%3a%2f%2fmirrors.kernel.org%2fsourceware%2fcygwin%2f/x86_64/release/libX11/libX11_6/libX11_6-1.6.2-1.tar.xz
2014/10/16 12:14:09 Downloaded C:\TMP\Cygwin/http%3a%2f%2fmirrors.kernel.org%2fsourceware%2fcygwin%2f/x86_64/release/libXau/libXau6/libXau6-1.0.8-1.tar.bz2
2014/10/16 12:14:10 Downloaded C:\TMP\Cygwin/http%3a%2f%2fmirrors.kernel.org%2fsourceware%2fcygwin%2f/x86_64/release/libXcursor/libXcursor1/libXcursor1-1.1.14-1.tar.bz2
2014/10/16 12:14:11 Downloaded C:\TMP\Cygwin/http%3a%2f%2fmirrors.kernel.org%2fsourceware%2fcygwin%2f/x86_64/release/libXdmcp/libXdmcp6/libXdmcp6-1.1.1-1.tar.bz2
2014/10/16 12:14:12 Downloaded C:\TMP\Cygwin/http%3a%2f%2fmirrors.kernel.org%2fsourceware%2fcygwin%2f/x86_64/release/libXext/libXext6/libXext6-1.3.3-1.tar.xz
2014/10/16 12:14:12 Downloaded C:\TMP\Cygwin/http%3a%2f%2fmirrors.kernel.org%2fsourceware%2fcygwin%2f/x86_64/release/libXfixes/libXfixes3/libXfixes3-5.0.1-1.tar.bz2
2014/10/16 12:14:14 Downloaded C:\TMP\Cygwin/http%3a%2f%2fmirrors.kernel.org%2fsourceware%2fcygwin%2f/x86_64/release/libXi/libXi6/libXi6-1.7.4-1.tar.xz
2014/10/16 12:14:15 Downloaded C:\TMP\Cygwin/http%3a%2f%2fmirrors.kernel.org%2fsourceware%2fcygwin%2f/x86_64/release/libXinerama/libXinerama1/libXinerama1-1.1.3-1.tar.bz2
2014/10/16 12:14:15 Downloaded C:\TMP\Cygwin/http%3a%2f%2fmirrors.kernel.org%2fsourceware%2fcygwin%2f/x86_64/release/libXrandr/libXrandr2/libXrandr2-1.4.2-1.tar.xz
2014/10/16 12:14:16 Downloaded C:\TMP\Cygwin/http%3a%2f%2fmirrors.kernel.org%2fsourceware%2fcygwin%2f/x86_64/release/libXrender/libXrender1/libXrender1-0.9.8-1.tar.bz2
2014/10/16 12:14:18 Downloaded C:\TMP\Cygwin/http%3a%2f%2fmirrors.kernel.org%2fsourceware%2fcygwin%2f/x86_64/release/libXt/libXt6/libXt6-1.1.4-2.tar.xz
2014/10/16 12:14:19 Downloaded C:\TMP\Cygwin/http%3a%2f%2fmirrors.kernel.org%2fsourceware%2fcygwin%2f/x86_64/release/libarchive/libarchive13/libarchive13-3.1.2-2.tar.bz2
2014/10/16 12:14:20 Downloaded C:\TMP\Cygwin/http%3a%2f%2fmirrors.kernel.org%2fsourceware%2fcygwin%2f/x86_64/release/nas/libaudio2/libaudio2-1.9.3-1.tar.bz2
2014/10/16 12:14:21 Downloaded C:\TMP\Cygwin/http%3a%2f%2fmirrors.kernel.org%2fsourceware%2fcygwin%2f/x86_64/release/e2fsprogs/libcom_err2/libcom_err2-1.42.10-1.tar.xz
2014/10/16 12:14:22 Downloaded C:\TMP\Cygwin/http%3a%2f%2fmirrors.kernel.org%2fsourceware%2fcygwin%2f/x86_64/release/curl/libcurl4/libcurl4-7.38.0-1.tar.xz
2014/10/16 12:14:22 Downloaded C:\TMP\Cygwin/http%3a%2f%2fmirrors.kernel.org%2fsourceware%2fcygwin%2f/x86_64/release/gamin/libfam0/libfam0-0.1.10-15.tar.xz
2014/10/16 12:14:24 Downloaded C:\TMP\Cygwin/http%3a%2f%2fmirrors.kernel.org%2fsourceware%2fcygwin%2f/x86_64/release/fontconfig/libfontconfig1/libfontconfig1-2.11.1-1.tar.xz
2014/10/16 12:14:25 Downloaded C:\TMP\Cygwin/http%3a%2f%2fmirrors.kernel.org%2fsourceware%2fcygwin%2f/x86_64/release/freetype2/libfreetype6/libfreetype6-2.5.3-1.tar.xz
2014/10/16 12:14:27 Downloaded C:\TMP\Cygwin/http%3a%2f%2fmirrors.kernel.org%2fsourceware%2fcygwin%2f/x86_64/release/glib2.0/libglib2.0_0/libglib2.0_0-2.38.2-4.tar.xz
2014/10/16 12:14:28 Downloaded C:\TMP\Cygwin/http%3a%2f%2fmirrors.kernel.org%2fsourceware%2fcygwin%2f/x86_64/release/krb5/libgssapi_krb5_2/libgssapi_krb5_2-1.12.2-1.tar.xz
2014/10/16 12:14:29 Downloaded C:\TMP\Cygwin/http%3a%2f%2fmirrors.kernel.org%2fsourceware%2fcygwin%2f/x86_64/release/libidn/libidn11/libidn11-1.26-1.tar.bz2
2014/10/16 12:14:30 Downloaded C:\TMP\Cygwin/http%3a%2f%2fmirrors.kernel.org%2fsourceware%2fcygwin%2f/x86_64/release/jbigkit/libjbig2/libjbig2-2.0-14.tar.xz
2014/10/16 12:14:31 Downloaded C:\TMP\Cygwin/http%3a%2f%2fmirrors.kernel.org%2fsourceware%2fcygwin%2f/x86_64/release/libjpeg-turbo/libjpeg8/libjpeg8-1.3.1-1.tar.xz
2014/10/16 12:14:32 Downloaded C:\TMP\Cygwin/http%3a%2f%2fmirrors.kernel.org%2fsourceware%2fcygwin%2f/x86_64/release/krb5/libk5crypto3/libk5crypto3-1.12.2-1.tar.xz
2014/10/16 12:14:33 Downloaded C:\TMP\Cygwin/http%3a%2f%2fmirrors.kernel.org%2fsourceware%2fcygwin%2f/x86_64/release/krb5/libkrb5_3/libkrb5_3-1.12.2-1.tar.xz
2014/10/16 12:14:33 Downloaded C:\TMP\Cygwin/http%3a%2f%2fmirrors.kernel.org%2fsourceware%2fcygwin%2f/x86_64/release/krb5/libkrb5support0/libkrb5support0-1.12.2-1.tar.xz
2014/10/16 12:14:34 Downloaded C:\TMP\Cygwin/http%3a%2f%2fmirrors.kernel.org%2fsourceware%2fcygwin%2f/x86_64/release/lcms/liblcms1/liblcms1-1.19-1.tar.bz2
2014/10/16 12:14:35 Downloaded C:\TMP\Cygwin/http%3a%2f%2fmirrors.kernel.org%2fsourceware%2fcygwin%2f/x86_64/release/liblzo2/liblzo2_2/liblzo2_2-2.06-1.tar.bz2
2014/10/16 12:14:36 Downloaded C:\TMP\Cygwin/http%3a%2f%2fmirrors.kernel.org%2fsourceware%2fcygwin%2f/x86_64/release/libmng/libmng1/libmng1-1.0.10-1.tar.bz2
2014/10/16 12:14:37 Downloaded C:\TMP\Cygwin/http%3a%2f%2fmirrors.kernel.org%2fsourceware%2fcygwin%2f/x86_64/release/nettle/libnettle4/libnettle4-2.7-1.tar.bz2
2014/10/16 12:14:39 Downloaded C:\TMP\Cygwin/http%3a%2f%2fmirrors.kernel.org%2fsourceware%2fcygwin%2f/x86_64/release/openldap/libopenldap2_4_2/libopenldap2_4_2-2.4.35-1.tar.bz2
2014/10/16 12:14:40 Downloaded C:\TMP\Cygwin/http%3a%2f%2fmirrors.kernel.org%2fsourceware%2fcygwin%2f/x86_64/release/libpng/libpng15/libpng15-1.5.18-1.tar.xz
2014/10/16 12:14:41 Downloaded C:\TMP\Cygwin/http%3a%2f%2fmirrors.kernel.org%2fsourceware%2fcygwin%2f/x86_64/release/cyrus-sasl/libsasl2_3/libsasl2_3-2.1.26-8.tar.xz
2014/10/16 12:14:42 Downloaded C:\TMP\Cygwin/http%3a%2f%2fmirrors.kernel.org%2fsourceware%2fcygwin%2f/x86_64/release/libssh2/libssh2_1/libssh2_1-1.4.2-1.tar.bz2
2014/10/16 12:14:43 Downloaded C:\TMP\Cygwin/http%3a%2f%2fmirrors.kernel.org%2fsourceware%2fcygwin%2f/x86_64/release/tiff/libtiff6/libtiff6-4.0.3-2.tar.xz
2014/10/16 12:14:43 Downloaded C:\TMP\Cygwin/http%3a%2f%2fmirrors.kernel.org%2fsourceware%2fcygwin%2f/x86_64/release/libxcb/libxcb1/libxcb1-1.10-1.tar.xz
2014/10/16 12:14:45 Downloaded C:\TMP\Cygwin/http%3a%2f%2fmirrors.kernel.org%2fsourceware%2fcygwin%2f/x86_64/release/libxml2/libxml2-2.9.1-1.tar.bz2
2014/10/16 12:14:47 Downloaded C:\TMP\Cygwin/http%3a%2f%2fmirrors.kernel.org%2fsourceware%2fcygwin%2f/x86_64/release/make/make-4.0-2.tar.xz
2014/10/16 12:14:48 Downloaded C:\TMP\Cygwin/http%3a%2f%2fmirrors.kernel.org%2fsourceware%2fcygwin%2f/x86_64/release/shared-mime-info/shared-mime-info-1.3-3.tar.xz
2014/10/16 12:14:49 note: Download Complete
2014/10/16 12:14:49 Ending cygwin install
2014/10/16 13:20:27 Starting cygwin install, version 2.850
2014/10/16 13:20:27 User has backup/restore rights
2014/10/16 13:20:27 Current Directory: C:\TMP\Cygwin
2014/10/16 13:20:27 Could not open service McShield for query, start and stop. McAfee may not be installed, or we don't have access.
2014/10/16 13:20:33 source: download
2014/10/16 13:20:33 Selected local directory: C:\TMP\Cygwin
2014/10/16 13:20:34 net: Direct
2014/10/16 13:20:36 site: http://mirrors.kernel.org/sourceware/cygwin/
2014/10/16 13:26:39 Adding required dependency bash-completion: Selecting version 1.3-1 for installation.
2014/10/16 13:26:39 Adding required dependency crypt: Selecting version 1.1-1 for installation.
2014/10/16 13:26:39 Adding required dependency csih: Selecting version 0.9.7-1 for installation.
2014/10/16 13:26:39 Adding required dependency cvs: Selecting version 1.11.23-1 for installation.
2014/10/16 13:26:39 Adding required dependency cvsps: Selecting version 2.2b1-2 for installation.
2014/10/16 13:26:39 Adding required dependency cygrunsrv: Selecting version 1.61-1 for installation.
2014/10/16 13:26:39 Adding required dependency cygwin-debuginfo: Selecting version 1.7.32-1 for installation.
2014/10/16 13:26:39 Adding required dependency cygwin32: Selecting version 1.7.31-1 for installation.
2014/10/16 13:26:39 Adding required dependency cygwin32-binutils: Selecting version 2.24.51.20140603-1 for installation.
2014/10/16 13:26:39 Adding required dependency cygwin32-default-manifest: Selecting version 6.3-1 for installation.
2014/10/16 13:26:39 Adding required dependency cygwin32-gcc-core: Selecting version 4.8.3-2 for installation.
2014/10/16 13:26:39 Adding required dependency cygwin32-gcc-g++: Selecting version 4.8.3-2 for installation.
2014/10/16 13:26:39 Adding required dependency cygwin32-w32api-headers: Selecting version 3.2.0-1 for installation.
2014/10/16 13:26:39 Adding required dependency cygwin32-w32api-runtime: Selecting version 3.2.0-1 for installation.
2014/10/16 13:26:39 Adding required dependency cygwin32-zlib: Selecting version 1.2.8-1 for installation.
2014/10/16 13:26:39 Adding required dependency diffutils: Selecting version 3.3-2 for installation.
2014/10/16 13:26:39 Adding required dependency libapr1: Selecting version 1.4.8-1 for installation.
2014/10/16 13:26:39 Adding required dependency libaprutil1: Selecting version 1.5.4-1 for installation.
2014/10/16 13:26:39 Adding required dependency libedit0: Selecting version 20130712-1 for installation.
2014/10/16 13:26:39 Adding required dependency libiodbc2: Selecting version 3.52.8-2 for installation.
2014/10/16 13:26:39 Adding required dependency libmysqlclient18: Selecting version 5.5.39-1 for installation.
2014/10/16 13:26:39 Adding required dependency libneon27: Selecting version 0.29.6-1 for installation.
2014/10/16 13:26:39 Adding required dependency libpq5: Selecting version 9.3.5-2 for installation.
2014/10/16 13:26:39 Adding required dependency libproxy1: Selecting version 0.4.11-2 for installation.
2014/10/16 13:26:39 Adding required dependency libserf1_0: Selecting version 1.3.7-1 for installation.
2014/10/16 13:26:39 Adding required dependency libXft2: Selecting version 2.3.2-1 for installation.
2014/10/16 13:26:39 Adding required dependency libXss1: Selecting version 1.2.2-1 for installation.
2014/10/16 13:26:39 Adding required dependency libyaml0_2: Selecting version 0.1.6-1 for installation.
2014/10/16 13:26:39 Adding required dependency lighttpd: Selecting version 1.4.35-1 for installation.
2014/10/16 13:26:39 Adding required dependency lua: Selecting version 5.1.5-1 for installation.
2014/10/16 13:26:39 Adding required dependency perl-Authen-SASL: Selecting version 2.16-1 for installation.
2014/10/16 13:26:39 Adding required dependency perl-DBD-SQLite: Selecting version 1.37-4 for installation.
2014/10/16 13:26:39 Adding required dependency perl-DBI: Selecting version 1.623-2 for installation.
2014/10/16 13:26:39 Adding required dependency perl-Digest-HMAC: Selecting version 1.03-1 for installation.
2014/10/16 13:26:39 Adding required dependency perl-Encode-Locale: Selecting version 1.03-1 for installation.
2014/10/16 13:26:39 Adding required dependency perl-Error: Selecting version 0.17019-1 for installation.
2014/10/16 13:26:39 Adding required dependency perl-File-Listing: Selecting version 6.04-1 for installation.
2014/10/16 13:26:39 Adding required dependency perl-HTML-Parser: Selecting version 3.70-1 for installation.
2014/10/16 13:26:39 Adding required dependency perl-HTML-Tagset: Selecting version 3.20-1 for installation.
2014/10/16 13:26:39 Adding required dependency perl-HTTP-Cookies: Selecting version 6.01-1 for installation.
2014/10/16 13:26:39 Adding required dependency perl-HTTP-Date: Selecting version 6.02-1 for installation.
2014/10/16 13:26:39 Adding required dependency perl-HTTP-Message: Selecting version 6.06-1 for installation.
2014/10/16 13:26:39 Adding required dependency perl-HTTP-Negotiate: Selecting version 6.01-1 for installation.
2014/10/16 13:26:39 Adding required dependency perl-IO-Socket-IP: Selecting version 0.22-1 for installation.
2014/10/16 13:26:39 Adding required dependency perl-IO-Socket-SSL: Selecting version 1.997-1 for installation.
2014/10/16 13:26:39 Adding required dependency perl-LWP: Selecting version 6.05-1 for installation.
2014/10/16 13:26:39 Adding required dependency perl-LWP-MediaTypes: Selecting version 6.02-1 for installation.
2014/10/16 13:26:39 Adding required dependency perl-MailTools: Selecting version 2.12-1 for installation.
2014/10/16 13:26:39 Adding required dependency perl-Mozilla-CA: Selecting version 20130114-2 for installation.
2014/10/16 13:26:39 Adding required dependency perl-Net-HTTP: Selecting version 6.06-1 for installation.
2014/10/16 13:26:39 Adding required dependency perl-Net-SMTP-SSL: Selecting version 1.01-1 for installation.
2014/10/16 13:26:39 Adding required dependency perl-Net-SSLeay: Selecting version 1.65-1 for installation.
2014/10/16 13:26:39 Adding required dependency perl-Params-Util: Selecting version 1.07-1 for installation.
2014/10/16 13:26:39 Adding required dependency perl-TimeDate: Selecting version 2.30-1 for installation.
2014/10/16 13:26:39 Adding required dependency perl-URI: Selecting version 1.60-1 for installation.
2014/10/16 13:26:39 Adding required dependency perl-WWW-RobotRules: Selecting version 6.02-1 for installation.
2014/10/16 13:26:39 Adding required dependency python-backports.ssl_match_hostname: Selecting version 3.4.0.2-1 for installation.
2014/10/16 13:26:39 Adding required dependency python-chardet: Selecting version 2.0.1-2 for installation.
2014/10/16 13:26:39 Adding required dependency python-requests: Selecting version 2.3.0-1 for installation.
2014/10/16 13:26:39 Adding required dependency python-setuptools: Selecting version 0.6.34-1 for installation.
2014/10/16 13:26:39 Adding required dependency python-simplejson: Selecting version 3.6.3-1 for installation.
2014/10/16 13:26:39 Adding required dependency python-six: Selecting version 1.7.3-1 for installation.
2014/10/16 13:26:39 Adding required dependency python-urllib3: Selecting version 1.8.2-1 for installation.
2014/10/16 13:26:39 Adding required dependency rsync: Selecting version 3.0.9-1 for installation.
2014/10/16 13:26:39 Adding required dependency ruby: Selecting version 2.0.0-p576-1 for installation.
2014/10/16 13:26:39 Adding required dependency ruby-io-console: Selecting version 0.4.2-1 for installation.
2014/10/16 13:26:39 Adding required dependency ruby-json: Selecting version 1.8.1-1 for installation.
2014/10/16 13:26:39 Adding required dependency ruby-minitest4: Selecting version 4.7.5-1 for installation.
2014/10/16 13:26:39 Adding required dependency ruby-psych: Selecting version 2.0.6-1 for installation.
2014/10/16 13:26:39 Adding required dependency ruby-rake: Selecting version 10.3.2-1 for installation.
2014/10/16 13:26:39 Adding required dependency ruby-rdoc: Selecting version 4.1.2-1 for installation.
2014/10/16 13:26:39 Adding required dependency rubygems: Selecting version 2.4.1-1 for installation.
2014/10/16 13:26:39 Adding required dependency subversion-perl: Selecting version 1.8.10-2 for installation.
2014/10/16 13:26:39 Adding required dependency tcl: Selecting version 8.5.11-1 for installation.
2014/10/16 13:26:39 Adding required dependency tcl-tk: Selecting version 8.5.11-1 for installation.
2014/10/16 13:26:39 Adding required dependency zlib-devel: Selecting version 1.2.8-1 for installation.
2014/10/16 13:26:41 Downloaded C:\TMP\Cygwin/http%3a%2f%2fmirrors.kernel.org%2fsourceware%2fcygwin%2f/x86_64/release/astyle/astyle-2.04-1.tar.xz
2014/10/16 13:26:43 Downloaded C:\TMP\Cygwin/http%3a%2f%2fmirrors.kernel.org%2fsourceware%2fcygwin%2f/x86_64/release/astyle/astyle-debuginfo/astyle-debuginfo-2.04-1.tar.xz
2014/10/16 13:26:43 Downloaded C:\TMP\Cygwin/http%3a%2f%2fmirrors.kernel.org%2fsourceware%2fcygwin%2f/x86_64/release/autossh/autossh-1.4d-1.tar.xz
2014/10/16 13:26:44 Downloaded C:\TMP\Cygwin/http%3a%2f%2fmirrors.kernel.org%2fsourceware%2fcygwin%2f/x86_64/release/bash-completion/bash-completion-1.3-1.tar.bz2
2014/10/16 13:26:45 Downloaded C:\TMP\Cygwin/http%3a%2f%2fmirrors.kernel.org%2fsourceware%2fcygwin%2f/x86_64/release/crypt/crypt-1.1-1.tar.bz2
2014/10/16 13:26:46 Downloaded C:\TMP\Cygwin/http%3a%2f%2fmirrors.kernel.org%2fsourceware%2fcygwin%2f/x86_64/release/csih/csih-0.9.7-1.tar.bz2
2014/10/16 13:26:49 Downloaded C:\TMP\Cygwin/http%3a%2f%2fmirrors.kernel.org%2fsourceware%2fcygwin%2f/x86_64/release/cvs/cvs-1.11.23-1.tar.bz2
2014/10/16 13:26:50 Downloaded C:\TMP\Cygwin/http%3a%2f%2fmirrors.kernel.org%2fsourceware%2fcygwin%2f/x86_64/release/cvsps/cvsps-2.2b1-2.tar.bz2
2014/10/16 13:26:51 Downloaded C:\TMP\Cygwin/http%3a%2f%2fmirrors.kernel.org%2fsourceware%2fcygwin%2f/x86_64/release/cygrunsrv/cygrunsrv-1.61-1.tar.xz
2014/10/16 13:26:57 Downloaded C:\TMP\Cygwin/http%3a%2f%2fmirrors.kernel.org%2fsourceware%2fcygwin%2f/x86_64/release/cygwin/cygwin-debuginfo/cygwin-debuginfo-1.7.32-1.tar.xz
2014/10/16 13:27:00 Downloaded C:\TMP\Cygwin/http%3a%2f%2fmirrors.kernel.org%2fsourceware%2fcygwin%2f/x86_64/release/cygwin32/cygwin32-1.7.31-1.tar.xz
2014/10/16 13:27:03 Downloaded C:\TMP\Cygwin/http%3a%2f%2fmirrors.kernel.org%2fsourceware%2fcygwin%2f/x86_64/release/cygwin32-binutils/cygwin32-binutils-2.24.51.20140603-1.tar.xz
2014/10/16 13:27:03 Downloaded C:\TMP\Cygwin/http%3a%2f%2fmirrors.kernel.org%2fsourceware%2fcygwin%2f/x86_64/release/cygwin32-default-manifest/cygwin32-default-manifest-6.3-1.tar.xz
2014/10/16 13:27:11 Downloaded C:\TMP\Cygwin/http%3a%2f%2fmirrors.kernel.org%2fsourceware%2fcygwin%2f/x86_64/release/cygwin32-gcc/cygwin32-gcc-core/cygwin32-gcc-core-4.8.3-2.tar.xz
2014/10/16 13:27:15 Downloaded C:\TMP\Cygwin/http%3a%2f%2fmirrors.kernel.org%2fsourceware%2fcygwin%2f/x86_64/release/cygwin32-gcc/cygwin32-gcc-g++/cygwin32-gcc-g++-4.8.3-2.tar.xz
2014/10/16 13:27:17 Downloaded C:\TMP\Cygwin/http%3a%2f%2fmirrors.kernel.org%2fsourceware%2fcygwin%2f/x86_64/release/cygwin32-openssl/cygwin32-openssl-1.0.1e-1.tar.bz2
2014/10/16 13:27:20 Downloaded C:\TMP\Cygwin/http%3a%2f%2fmirrors.kernel.org%2fsourceware%2fcygwin%2f/x86_64/release/cygwin32-w32api-headers/cygwin32-w32api-headers-3.2.0-1.tar.xz
2014/10/16 13:27:23 Downloaded C:\TMP\Cygwin/http%3a%2f%2fmirrors.kernel.org%2fsourceware%2fcygwin%2f/x86_64/release/cygwin32-w32api-runtime/cygwin32-w32api-runtime-3.2.0-1.tar.xz
2014/10/16 13:27:24 Downloaded C:\TMP\Cygwin/http%3a%2f%2fmirrors.kernel.org%2fsourceware%2fcygwin%2f/x86_64/release/cygwin32-zlib/cygwin32-zlib-1.2.8-1.tar.bz2
2014/10/16 13:27:26 Downloaded C:\TMP\Cygwin/http%3a%2f%2fmirrors.kernel.org%2fsourceware%2fcygwin%2f/x86_64/release/diffutils/diffutils-3.3-2.tar.xz
2014/10/16 13:27:31 Downloaded C:\TMP\Cygwin/http%3a%2f%2fmirrors.kernel.org%2fsourceware%2fcygwin%2f/x86_64/release/git/git-2.1.1-1.tar.xz
2014/10/16 13:27:31 Downloaded C:\TMP\Cygwin/http%3a%2f%2fmirrors.kernel.org%2fsourceware%2fcygwin%2f/x86_64/release/git/git-completion/git-completion-2.1.1-1.tar.xz
2014/10/16 13:27:32 Downloaded C:\TMP\Cygwin/http%3a%2f%2fmirrors.kernel.org%2fsourceware%2fcygwin%2f/x86_64/release/git/git-cvs/git-cvs-2.1.1-1.tar.xz
2014/10/16 13:27:37 Downloaded C:\TMP\Cygwin/http%3a%2f%2fmirrors.kernel.org%2fsourceware%2fcygwin%2f/x86_64/release/git/git-debuginfo/git-debuginfo-2.1.1-1.tar.xz
2014/10/16 13:27:38 Downloaded C:\TMP\Cygwin/http%3a%2f%2fmirrors.kernel.org%2fsourceware%2fcygwin%2f/x86_64/release/git/git-email/git-email-2.1.1-1.tar.xz
2014/10/16 13:27:40 Downloaded C:\TMP\Cygwin/http%3a%2f%2fmirrors.kernel.org%2fsourceware%2fcygwin%2f/x86_64/release/git/git-gui/git-gui-2.1.1-1.tar.xz
2014/10/16 13:27:40 Downloaded C:\TMP\Cygwin/http%3a%2f%2fmirrors.kernel.org%2fsourceware%2fcygwin%2f/x86_64/release/git-review/git-review-1.24-2.tar.xz
2014/10/16 13:27:42 Downloaded C:\TMP\Cygwin/http%3a%2f%2fmirrors.kernel.org%2fsourceware%2fcygwin%2f/x86_64/release/git/git-svn/git-svn-2.1.1-1.tar.xz
2014/10/16 13:27:43 Downloaded C:\TMP\Cygwin/http%3a%2f%2fmirrors.kernel.org%2fsourceware%2fcygwin%2f/x86_64/release/git/gitk/gitk-2.1.1-1.tar.xz
2014/10/16 13:27:44 Downloaded C:\TMP\Cygwin/http%3a%2f%2fmirrors.kernel.org%2fsourceware%2fcygwin%2f/x86_64/release/git/gitweb/gitweb-2.1.1-1.tar.xz
2014/10/16 13:27:45 Downloaded C:\TMP\Cygwin/http%3a%2f%2fmirrors.kernel.org%2fsourceware%2fcygwin%2f/x86_64/release/libXft/libXft2/libXft2-2.3.2-1.tar.xz
2014/10/16 13:27:45 Downloaded C:\TMP\Cygwin/http%3a%2f%2fmirrors.kernel.org%2fsourceware%2fcygwin%2f/x86_64/release/libXScrnSaver/libXss1/libXss1-1.2.2-1.tar.bz2
2014/10/16 13:27:46 Downloaded C:\TMP\Cygwin/http%3a%2f%2fmirrors.kernel.org%2fsourceware%2fcygwin%2f/x86_64/release/libapr1/libapr1-1.4.8-1.tar.bz2
2014/10/16 13:27:47 Downloaded C:\TMP\Cygwin/http%3a%2f%2fmirrors.kernel.org%2fsourceware%2fcygwin%2f/x86_64/release/libaprutil1/libaprutil1-1.5.4-1.tar.xz
2014/10/16 13:27:48 Downloaded C:\TMP\Cygwin/http%3a%2f%2fmirrors.kernel.org%2fsourceware%2fcygwin%2f/x86_64/release/libedit/libedit0/libedit0-20130712-1.tar.xz
2014/10/16 13:27:50 Downloaded C:\TMP\Cygwin/http%3a%2f%2fmirrors.kernel.org%2fsourceware%2fcygwin%2f/x86_64/release/libiodbc/libiodbc2/libiodbc2-3.52.8-2.tar.bz2
2014/10/16 13:27:51 Downloaded C:\TMP\Cygwin/http%3a%2f%2fmirrors.kernel.org%2fsourceware%2fcygwin%2f/x86_64/release/mysql/libmysqlclient18/libmysqlclient18-5.5.39-1.tar.xz
2014/10/16 13:27:52 Downloaded C:\TMP\Cygwin/http%3a%2f%2fmirrors.kernel.org%2fsourceware%2fcygwin%2f/x86_64/release/neon/libneon27/libneon27-0.29.6-1.tar.bz2
2014/10/16 13:27:53 Downloaded C:\TMP\Cygwin/http%3a%2f%2fmirrors.kernel.org%2fsourceware%2fcygwin%2f/x86_64/release/postgresql/libpq5/libpq5-9.3.5-2.tar.xz
2014/10/16 13:27:54 Downloaded C:\TMP\Cygwin/http%3a%2f%2fmirrors.kernel.org%2fsourceware%2fcygwin%2f/x86_64/release/libproxy/libproxy1/libproxy1-0.4.11-2.tar.bz2
2014/10/16 13:27:55 Downloaded C:\TMP\Cygwin/http%3a%2f%2fmirrors.kernel.org%2fsourceware%2fcygwin%2f/x86_64/release/serf/libserf1_0/libserf1_0-1.3.7-1.tar.xz
2014/10/16 13:27:57 Downloaded C:\TMP\Cygwin/http%3a%2f%2fmirrors.kernel.org%2fsourceware%2fcygwin%2f/x86_64/release/libssh2/libssh2-debuginfo/libssh2-debuginfo-1.4.2-1.tar.bz2
2014/10/16 13:27:58 Downloaded C:\TMP\Cygwin/http%3a%2f%2fmirrors.kernel.org%2fsourceware%2fcygwin%2f/x86_64/release/libssh2/libssh2-devel/libssh2-devel-1.4.2-1.tar.bz2
2014/10/16 13:27:59 Downloaded C:\TMP\Cygwin/http%3a%2f%2fmirrors.kernel.org%2fsourceware%2fcygwin%2f/x86_64/release/yaml/libyaml0_2/libyaml0_2-0.1.6-1.tar.xz
2014/10/16 13:28:00 Downloaded C:\TMP\Cygwin/http%3a%2f%2fmirrors.kernel.org%2fsourceware%2fcygwin%2f/x86_64/release/lighttpd/lighttpd-1.4.35-1.tar.xz
2014/10/16 13:28:01 Downloaded C:\TMP\Cygwin/http%3a%2f%2fmirrors.kernel.org%2fsourceware%2fcygwin%2f/x86_64/release/lua/lua-5.1.5-1.tar.bz2
2014/10/16 13:28:03 Downloaded C:\TMP\Cygwin/http%3a%2f%2fmirrors.kernel.org%2fsourceware%2fcygwin%2f/x86_64/release/openssh/openssh-6.7p1-1.tar.xz
2014/10/16 13:28:06 Downloaded C:\TMP\Cygwin/http%3a%2f%2fmirrors.kernel.org%2fsourceware%2fcygwin%2f/x86_64/release/openssh/openssh-debuginfo/openssh-debuginfo-6.7p1-1.tar.xz
2014/10/16 13:28:08 Downloaded C:\TMP\Cygwin/http%3a%2f%2fmirrors.kernel.org%2fsourceware%2fcygwin%2f/x86_64/release/openssl/openssl-1.0.1i-1.tar.xz
2014/10/16 13:28:10 Downloaded C:\TMP\Cygwin/http%3a%2f%2fmirrors.kernel.org%2fsourceware%2fcygwin%2f/x86_64/release/openssl/openssl-debuginfo/openssl-debuginfo-1.0.1i-1.tar.xz
2014/10/16 13:28:14 Downloaded C:\TMP\Cygwin/http%3a%2f%2fmirrors.kernel.org%2fsourceware%2fcygwin%2f/x86_64/release/openssl/openssl-devel/openssl-devel-1.0.1i-1.tar.xz
2014/10/16 13:28:15 Downloaded C:\TMP\Cygwin/http%3a%2f%2fmirrors.kernel.org%2fsourceware%2fcygwin%2f/x86_64/release/perl-Authen-SASL/perl-Authen-SASL-2.16-1.tar.bz2
2014/10/16 13:28:17 Downloaded C:\TMP\Cygwin/http%3a%2f%2fmirrors.kernel.org%2fsourceware%2fcygwin%2f/x86_64/release/perl-DBD-SQLite/perl-DBD-SQLite-1.37-4.tar.bz2
2014/10/16 13:28:19 Downloaded C:\TMP\Cygwin/http%3a%2f%2fmirrors.kernel.org%2fsourceware%2fcygwin%2f/x86_64/release/perl-DBI/perl-DBI-1.623-2.tar.bz2
2014/10/16 13:28:20 Downloaded C:\TMP\Cygwin/http%3a%2f%2fmirrors.kernel.org%2fsourceware%2fcygwin%2f/x86_64/release/perl-Digest-HMAC/perl-Digest-HMAC-1.03-1.tar.bz2
2014/10/16 13:28:20 Downloaded C:\TMP\Cygwin/http%3a%2f%2fmirrors.kernel.org%2fsourceware%2fcygwin%2f/x86_64/release/perl-Encode-Locale/perl-Encode-Locale-1.03-1.tar.bz2
2014/10/16 13:28:21 Downloaded C:\TMP\Cygwin/http%3a%2f%2fmirrors.kernel.org%2fsourceware%2fcygwin%2f/x86_64/release/perl-Error/perl-Error-0.17019-1.tar.bz2
2014/10/16 13:28:22 Downloaded C:\TMP\Cygwin/http%3a%2f%2fmirrors.kernel.org%2fsourceware%2fcygwin%2f/x86_64/release/perl-File-Listing/perl-File-Listing-6.04-1.tar.bz2
2014/10/16 13:28:23 Downloaded C:\TMP\Cygwin/http%3a%2f%2fmirrors.kernel.org%2fsourceware%2fcygwin%2f/x86_64/release/perl-HTML-Parser/perl-HTML-Parser-3.70-1.tar.bz2
2014/10/16 13:28:23 Downloaded C:\TMP\Cygwin/http%3a%2f%2fmirrors.kernel.org%2fsourceware%2fcygwin%2f/x86_64/release/perl-HTML-Tagset/perl-HTML-Tagset-3.20-1.tar.bz2
2014/10/16 13:28:24 Downloaded C:\TMP\Cygwin/http%3a%2f%2fmirrors.kernel.org%2fsourceware%2fcygwin%2f/x86_64/release/perl-HTTP-Cookies/perl-HTTP-Cookies-6.01-1.tar.bz2
2014/10/16 13:28:24 Downloaded C:\TMP\Cygwin/http%3a%2f%2fmirrors.kernel.org%2fsourceware%2fcygwin%2f/x86_64/release/perl-HTTP-Date/perl-HTTP-Date-6.02-1.tar.bz2
2014/10/16 13:28:25 Downloaded C:\TMP\Cygwin/http%3a%2f%2fmirrors.kernel.org%2fsourceware%2fcygwin%2f/x86_64/release/perl-HTTP-Message/perl-HTTP-Message-6.06-1.tar.bz2
2014/10/16 13:28:26 Downloaded C:\TMP\Cygwin/http%3a%2f%2fmirrors.kernel.org%2fsourceware%2fcygwin%2f/x86_64/release/perl-HTTP-Negotiate/perl-HTTP-Negotiate-6.01-1.tar.bz2
2014/10/16 13:28:26 Downloaded C:\TMP\Cygwin/http%3a%2f%2fmirrors.kernel.org%2fsourceware%2fcygwin%2f/x86_64/release/perl-IO-Socket-IP/perl-IO-Socket-IP-0.22-1.tar.bz2
2014/10/16 13:28:28 Downloaded C:\TMP\Cygwin/http%3a%2f%2fmirrors.kernel.org%2fsourceware%2fcygwin%2f/x86_64/release/perl-IO-Socket-SSL/perl-IO-Socket-SSL-1.997-1.tar.xz
2014/10/16 13:28:29 Downloaded C:\TMP\Cygwin/http%3a%2f%2fmirrors.kernel.org%2fsourceware%2fcygwin%2f/x86_64/release/perl-LWP/perl-LWP-6.05-1.tar.bz2
2014/10/16 13:28:30 Downloaded C:\TMP\Cygwin/http%3a%2f%2fmirrors.kernel.org%2fsourceware%2fcygwin%2f/x86_64/release/perl-LWP-MediaTypes/perl-LWP-MediaTypes-6.02-1.tar.bz2
2014/10/16 13:28:31 Downloaded C:\TMP\Cygwin/http%3a%2f%2fmirrors.kernel.org%2fsourceware%2fcygwin%2f/x86_64/release/perl-MailTools/perl-MailTools-2.12-1.tar.bz2
2014/10/16 13:28:31 Downloaded C:\TMP\Cygwin/http%3a%2f%2fmirrors.kernel.org%2fsourceware%2fcygwin%2f/x86_64/release/perl-Mozilla-CA/perl-Mozilla-CA-20130114-2.tar.xz
2014/10/16 13:28:32 Downloaded C:\TMP\Cygwin/http%3a%2f%2fmirrors.kernel.org%2fsourceware%2fcygwin%2f/x86_64/release/perl-Net-HTTP/perl-Net-HTTP-6.06-1.tar.bz2
2014/10/16 13:28:32 Downloaded C:\TMP\Cygwin/http%3a%2f%2fmirrors.kernel.org%2fsourceware%2fcygwin%2f/x86_64/release/perl-Net-SMTP-SSL/perl-Net-SMTP-SSL-1.01-1.tar.bz2
2014/10/16 13:28:34 Downloaded C:\TMP\Cygwin/http%3a%2f%2fmirrors.kernel.org%2fsourceware%2fcygwin%2f/x86_64/release/perl-Net-SSLeay/perl-Net-SSLeay-1.65-1.tar.xz
2014/10/16 13:28:34 Downloaded C:\TMP\Cygwin/http%3a%2f%2fmirrors.kernel.org%2fsourceware%2fcygwin%2f/x86_64/release/perl-Params-Util/perl-Params-Util-1.07-1.tar.bz2
2014/10/16 13:28:35 Downloaded C:\TMP\Cygwin/http%3a%2f%2fmirrors.kernel.org%2fsourceware%2fcygwin%2f/x86_64/release/perl-TimeDate/perl-TimeDate-2.30-1.tar.bz2
2014/10/16 13:28:36 Downloaded C:\TMP\Cygwin/http%3a%2f%2fmirrors.kernel.org%2fsourceware%2fcygwin%2f/x86_64/release/perl-URI/perl-URI-1.60-1.tar.bz2
2014/10/16 13:28:37 Downloaded C:\TMP\Cygwin/http%3a%2f%2fmirrors.kernel.org%2fsourceware%2fcygwin%2f/x86_64/release/perl-WWW-RobotRules/perl-WWW-RobotRules-6.02-1.tar.bz2
2014/10/16 13:28:37 Downloaded C:\TMP\Cygwin/http%3a%2f%2fmirrors.kernel.org%2fsourceware%2fcygwin%2f/x86_64/release/python-backports.ssl_match_hostname/python-backports.ssl_match_hostname-3.4.0.2-1.tar.xz
2014/10/16 13:28:39 Downloaded C:\TMP\Cygwin/http%3a%2f%2fmirrors.kernel.org%2fsourceware%2fcygwin%2f/x86_64/release/python-chardet/python-chardet-2.0.1-2.tar.bz2
2014/10/16 13:28:40 Downloaded C:\TMP\Cygwin/http%3a%2f%2fmirrors.kernel.org%2fsourceware%2fcygwin%2f/x86_64/release/python-requests/python-requests-2.3.0-1.tar.xz
2014/10/16 13:28:42 Downloaded C:\TMP\Cygwin/http%3a%2f%2fmirrors.kernel.org%2fsourceware%2fcygwin%2f/x86_64/release/python-setuptools/python-setuptools-0.6.34-1.tar.bz2
2014/10/16 13:28:43 Downloaded C:\TMP\Cygwin/http%3a%2f%2fmirrors.kernel.org%2fsourceware%2fcygwin%2f/x86_64/release/python-simplejson/python-simplejson-3.6.3-1.tar.xz
2014/10/16 13:28:43 Downloaded C:\TMP\Cygwin/http%3a%2f%2fmirrors.kernel.org%2fsourceware%2fcygwin%2f/x86_64/release/python-six/python-six-1.7.3-1.tar.xz
2014/10/16 13:28:44 Downloaded C:\TMP\Cygwin/http%3a%2f%2fmirrors.kernel.org%2fsourceware%2fcygwin%2f/x86_64/release/python-urllib3/python-urllib3-1.8.2-1.tar.xz
2014/10/16 13:28:46 Downloaded C:\TMP\Cygwin/http%3a%2f%2fmirrors.kernel.org%2fsourceware%2fcygwin%2f/x86_64/release/rsync/rsync-3.0.9-1.tar.bz2
2014/10/16 13:28:49 Downloaded C:\TMP\Cygwin/http%3a%2f%2fmirrors.kernel.org%2fsourceware%2fcygwin%2f/x86_64/release/ruby/ruby-2.0.0-p576-1.tar.xz
2014/10/16 13:28:50 Downloaded C:\TMP\Cygwin/http%3a%2f%2fmirrors.kernel.org%2fsourceware%2fcygwin%2f/x86_64/release/ruby-io-console/ruby-io-console-0.4.2-1.tar.xz
2014/10/16 13:28:51 Downloaded C:\TMP\Cygwin/http%3a%2f%2fmirrors.kernel.org%2fsourceware%2fcygwin%2f/x86_64/release/ruby-json/ruby-json-1.8.1-1.tar.xz
2014/10/16 13:28:51 Downloaded C:\TMP\Cygwin/http%3a%2f%2fmirrors.kernel.org%2fsourceware%2fcygwin%2f/x86_64/release/ruby-minitest4/ruby-minitest4-4.7.5-1.tar.xz
2014/10/16 13:28:52 Downloaded C:\TMP\Cygwin/http%3a%2f%2fmirrors.kernel.org%2fsourceware%2fcygwin%2f/x86_64/release/ruby-psych/ruby-psych-2.0.6-1.tar.xz
2014/10/16 13:28:53 Downloaded C:\TMP\Cygwin/http%3a%2f%2fmirrors.kernel.org%2fsourceware%2fcygwin%2f/x86_64/release/ruby-rake/ruby-rake-10.3.2-1.tar.xz
2014/10/16 13:28:54 Downloaded C:\TMP\Cygwin/http%3a%2f%2fmirrors.kernel.org%2fsourceware%2fcygwin%2f/x86_64/release/ruby-rdoc/ruby-rdoc-4.1.2-1.tar.xz
2014/10/16 13:28:56 Downloaded C:\TMP\Cygwin/http%3a%2f%2fmirrors.kernel.org%2fsourceware%2fcygwin%2f/x86_64/release/rubygems/rubygems-2.4.1-1.tar.xz
2014/10/16 13:28:57 Downloaded C:\TMP\Cygwin/http%3a%2f%2fmirrors.kernel.org%2fsourceware%2fcygwin%2f/x86_64/release/stgit/stgit-0.17.1-1.tar.xz
2014/10/16 13:29:00 Downloaded C:\TMP\Cygwin/http%3a%2f%2fmirrors.kernel.org%2fsourceware%2fcygwin%2f/x86_64/release/subversion/subversion-1.8.10-2.tar.xz
2014/10/16 13:29:05 Downloaded C:\TMP\Cygwin/http%3a%2f%2fmirrors.kernel.org%2fsourceware%2fcygwin%2f/x86_64/release/subversion/subversion-debuginfo/subversion-debuginfo-1.8.10-2.tar.xz
2014/10/16 13:29:07 Downloaded C:\TMP\Cygwin/http%3a%2f%2fmirrors.kernel.org%2fsourceware%2fcygwin%2f/x86_64/release/subversion/subversion-perl/subversion-perl-1.8.10-2.tar.xz
2014/10/16 13:29:08 Downloaded C:\TMP\Cygwin/http%3a%2f%2fmirrors.kernel.org%2fsourceware%2fcygwin%2f/x86_64/release/subversion/subversion-tools/subversion-tools-1.8.10-2.tar.xz
2014/10/16 13:29:11 Downloaded C:\TMP\Cygwin/http%3a%2f%2fmirrors.kernel.org%2fsourceware%2fcygwin%2f/x86_64/release/tcl/tcl-8.5.11-1.tar.bz2
2014/10/16 13:29:14 Downloaded C:\TMP\Cygwin/http%3a%2f%2fmirrors.kernel.org%2fsourceware%2fcygwin%2f/x86_64/release/tcl-tk/tcl-tk-8.5.11-1.tar.bz2
2014/10/16 13:29:16 Downloaded C:\TMP\Cygwin/http%3a%2f%2fmirrors.kernel.org%2fsourceware%2fcygwin%2f/x86_64/release/zlib/zlib-devel/zlib-devel-1.2.8-1.tar.bz2
2014/10/16 13:29:23 note: Download Complete
2014/10/16 13:29:23 Ending cygwin install
